<?xml version="1.0" encoding="UTF-8"?>
<!-- Generated by org.testng.reporters.JUnitReportReporter -->
<testsuite hostname="DESKTOP-39N4K30" failures="0" tests="1" name="pac1.Lab11_3" time="8.031" errors="0" timestamp="2025-08-21T16:34:22 IST" skipped="0">
  <testcase classname="pac1.Lab11_3" name="f" time="8.031"/>
</testsuite> <!-- pac1.Lab11_3 -->
