<?xml version="1.0" encoding="UTF-8"?>
<!-- Generated by org.testng.reporters.JUnitReportReporter -->
<testsuite hostname="DESKTOP-39N4K30" failures="0" tests="1" name="jenkins.jenkinks_1" time="13.907" errors="0" timestamp="2025-08-26T17:35:34 IST" skipped="0">
  <testcase classname="jenkins.jenkinks_1" name="f" time="13.907"/>
</testsuite> <!-- jenkins.jenkinks_1 -->
