<?xml version="1.0" encoding="UTF-8"?>
<!-- Generated by org.testng.reporters.JUnitReportReporter -->
<testsuite hostname="DESKTOP-39N4K30" failures="0" tests="2" name="pac1.Lab_16" time="17.639" errors="0" timestamp="2025-08-25T12:20:20 IST" skipped="0">
  <testcase classname="pac1.Lab_16" name="f" time="7.511"/>
  <testcase classname="pac1.Lab_16" name="f" time="10.128"/>
</testsuite> <!-- pac1.Lab_16 -->
