<?xml version="1.0" encoding="UTF-8"?>
<!-- Generated by org.testng.reporters.JUnitReportReporter -->
<testsuite hostname="DESKTOP-39N4K30" failures="0" tests="2" name="pac1.TC0012_TestNG_pagefactory" time="19.581" errors="0" timestamp="2025-08-20T11:56:32 IST" skipped="0">
  <testcase classname="pac1.TC0012_TestNG_pagefactory" name="f" time="7.676"/>
  <testcase classname="pac1.TC0012_TestNG_pagefactory" name="f" time="11.905"/>
</testsuite> <!-- pac1.TC0012_TestNG_pagefactory -->
