<?xml version="1.0" encoding="UTF-8"?>
<!-- Generated by org.testng.reporters.JUnitReportReporter -->
<testsuite hostname="DESKTOP-39N4K30" failures="0" tests="1" name="Question.Q7" time="3.277" errors="0" timestamp="2025-08-26T15:06:17 IST" skipped="0">
  <testcase classname="Question.Q7" name="extractTableData" time="3.277"/>
</testsuite> <!-- Question.Q7 -->
