<?xml version="1.0" encoding="UTF-8"?>
<!-- Generated by org.testng.reporters.JUnitReportReporter -->
<testsuite hostname="DESKTOP-39N4K30" failures="0" tests="2" name="pac1.Lab009" time="9.801" errors="0" timestamp="2025-08-19T15:21:20 IST" skipped="0">
  <testcase classname="pac1.Lab009" name="test1" time="5.079"/>
  <testcase classname="pac1.Lab009" name="test1" time="4.722"/>
</testsuite> <!-- pac1.Lab009 -->
