<?xml version="1.0" encoding="UTF-8"?>
<!-- Generated by org.testng.reporters.JUnitReportReporter -->
<testsuite hostname="DESKTOP-39N4K30" failures="0" tests="1" name="Question.Q8" time="4.424" errors="0" timestamp="2025-08-26T15:07:09 IST" skipped="0">
  <testcase classname="Question.Q8" name="handleWindows" time="4.424"/>
</testsuite> <!-- Question.Q8 -->
