<?xml version="1.0" encoding="UTF-8"?>
<!-- Generated by org.testng.reporters.JUnitReportReporter -->
<testsuite hostname="DESKTOP-39N4K30" failures="0" tests="2" name="pac1.Lab006" time="5.591" errors="0" timestamp="2025-08-21T19:51:18 IST" skipped="0">
  <testcase classname="pac1.Lab006" name="loginTest" time="2.749"/>
  <testcase classname="pac1.Lab006" name="addMonitorToWishlist" time="2.842"/>
</testsuite> <!-- pac1.Lab006 -->
