<?xml version="1.0" encoding="UTF-8"?>
<!-- Generated by org.testng.reporters.JUnitReportReporter -->
<testsuite hostname="DESKTOP-39N4K30" failures="0" tests="1" name="Question.Q5" time="2.912" errors="0" timestamp="2025-08-26T15:01:41 IST" skipped="0">
  <testcase classname="Question.Q5" name="handleAlert" time="2.912"/>
</testsuite> <!-- Question.Q5 -->
