<?xml version="1.0" encoding="UTF-8"?>
<!-- Generated by org.testng.reporters.JUnitReportReporter -->
<testsuite hostname="DESKTOP-39N4K30" failures="0" tests="1" name="Question.Q9" time="1.953" errors="0" timestamp="2025-08-26T15:08:11 IST" skipped="0">
  <testcase classname="Question.Q9" name="takeScreenshot" time="1.953"/>
</testsuite> <!-- Question.Q9 -->
