<?xml version="1.0" encoding="UTF-8"?>
<!-- Generated by org.testng.reporters.JUnitReportReporter -->
<testsuite hostname="DESKTOP-39N4K30" failures="0" tests="2" name="pac1.Page" time="18.204" errors="0" timestamp="2025-08-20T10:25:55 IST" skipped="0">
  <testcase classname="pac1.Page" name="loginTest" time="11.830"/>
  <testcase classname="pac1.Page" name="loginTest" time="6.374"/>
</testsuite> <!-- pac1.Page -->
