<?xml version="1.0" encoding="UTF-8"?>
<!-- Generated by org.testng.reporters.JUnitReportReporter -->
<testsuite hostname="DESKTOP-39N4K30" failures="0" tests="1" name="Question.Q3" time="14.857" errors="0" timestamp="2025-08-29T18:27:04 IST" skipped="0">
  <testcase classname="Question.Q3" name="f" time="14.857"/>
</testsuite> <!-- Question.Q3 -->
