<?xml version="1.0" encoding="UTF-8"?>
<!-- Generated by org.testng.reporters.JUnitReportReporter -->
<testsuite hostname="DESKTOP-39N4K30" failures="0" tests="2" name="pac1.Lab09" time="16.412" errors="0" timestamp="2025-08-19T15:15:37 IST" skipped="0">
  <testcase classname="pac1.Lab09" name="test1" time="8.627"/>
  <testcase classname="pac1.Lab09" name="test1" time="7.785"/>
</testsuite> <!-- pac1.Lab09 -->
