<?xml version="1.0" encoding="UTF-8"?>
<!-- Generated by org.testng.reporters.JUnitReportReporter -->
<testsuite hostname="DESKTOP-39N4K30" failures="0" tests="2" name="pac1.TC0014" time="9.230" errors="0" timestamp="2025-08-19T15:05:08 IST" skipped="0">
  <testcase classname="pac1.TC0014" name="test2" time="2.689"/>
  <testcase classname="pac1.TC0014" name="test2" time="6.541"/>
</testsuite> <!-- pac1.TC0014 -->
