<?xml version="1.0" encoding="UTF-8"?>
<!-- Generated by org.testng.reporters.JUnitReportReporter -->
<testsuite hostname="DESKTOP-39N4K30" failures="0" tests="1" name="Question.Q2" time="6.835" errors="0" timestamp="2025-08-26T15:10:14 IST" skipped="0">
  <testcase classname="Question.Q2" name="loginTest" time="6.835"/>
</testsuite> <!-- Question.Q2 -->
