<?xml version="1.0" encoding="UTF-8"?>
<!-- Generated by org.testng.reporters.JUnitReportReporter -->
<testsuite hostname="DESKTOP-39N4K30" failures="0" tests="1" name="pac1.Lab4Test_11" time="4.702" errors="0" timestamp="2025-08-21T15:25:59 IST" skipped="0">
  <testcase classname="pac1.Lab4Test_11" name="lab4" time="4.702"/>
</testsuite> <!-- pac1.Lab4Test_11 -->
