<?xml version="1.0" encoding="UTF-8"?>
<!-- Generated by org.testng.reporters.JUnitReportReporter -->
<testsuite hostname="DESKTOP-39N4K30" failures="0" tests="1" name="pac1.LAB_14" time="6.712" errors="0" timestamp="2025-08-23T17:38:50 IST" skipped="0">
  <testcase classname="pac1.LAB_14" name="f" time="6.712"/>
</testsuite> <!-- pac1.LAB_14 -->
