<?xml version="1.0" encoding="UTF-8"?>
<!-- Generated by org.testng.reporters.JUnitReportReporter -->
<testsuite hostname="DESKTOP-39N4K30" failures="0" tests="2" name="pac1.Lab9_lab4crossbrowser" time="15.412" errors="0" timestamp="2025-08-19T16:04:30 IST" skipped="0">
  <testcase classname="pac1.Lab9_lab4crossbrowser" name="test2" time="10.205"/>
  <testcase classname="pac1.Lab9_lab4crossbrowser" name="test2" time="5.207"/>
</testsuite> <!-- pac1.Lab9_lab4crossbrowser -->
