<?xml version="1.0" encoding="UTF-8"?>
<!-- Generated by org.testng.reporters.JUnitReportReporter -->
<testsuite hostname="DESKTOP-39N4K30" failures="0" tests="2" name="pac1.Lab8_4" time="13.231" errors="0" timestamp="2025-08-21T17:32:25 IST" skipped="0">
  <testcase classname="pac1.Lab8_4" name="f" time="4.717"/>
  <testcase classname="pac1.Lab8_4" name="f" time="8.514"/>
</testsuite> <!-- pac1.Lab8_4 -->
