<?xml version="1.0" encoding="UTF-8"?>
<!-- Generated by org.testng.reporters.JUnitReportReporter -->
<testsuite hostname="DESKTOP-39N4K30" failures="0" tests="2" name="pac1.TC0012_TestNG" time="17.953" errors="0" timestamp="2025-08-21T16:32:54 IST" skipped="0">
  <testcase classname="pac1.TC0012_TestNG" name="f" time="10.709"/>
  <testcase classname="pac1.TC0012_TestNG" name="f" time="7.244"/>
</testsuite> <!-- pac1.TC0012_TestNG -->
