<?xml version="1.0" encoding="UTF-8"?>
<!-- Generated by org.testng.reporters.JUnitReportReporter -->
<testsuite hostname="DESKTOP-39N4K30" failures="0" tests="2" name="pac1.Lab8_4" time="11.392" errors="0" timestamp="2025-08-19T18:59:24 IST" skipped="0">
  <testcase classname="pac1.Lab8_4" name="f" time="4.770"/>
  <testcase classname="pac1.Lab8_4" name="f" time="6.622"/>
</testsuite> <!-- pac1.Lab8_4 -->
