<?xml version="1.0" encoding="UTF-8"?>
<!-- Generated by org.testng.reporters.JUnitReportReporter -->
<testsuite hostname="DESKTOP-39N4K30" failures="0" tests="2" name="pac1.Lab9_lab3crossbrowser" time="11.420" errors="0" timestamp="2025-08-19T16:04:30 IST" skipped="0">
  <testcase classname="pac1.Lab9_lab3crossbrowser" name="test1" time="5.083"/>
  <testcase classname="pac1.Lab9_lab3crossbrowser" name="test1" time="6.337"/>
</testsuite> <!-- pac1.Lab9_lab3crossbrowser -->
