<?xml version="1.0" encoding="UTF-8"?>
<!-- Generated by org.testng.reporters.JUnitReportReporter -->
<testsuite hostname="DESKTOP-39N4K30" failures="0" tests="1" name="pac1.Lab3Test_11" time="3.902" errors="0" timestamp="2025-08-21T19:35:14 IST" skipped="0">
  <testcase classname="pac1.Lab3Test_11" name="lab3" time="3.902"/>
</testsuite> <!-- pac1.Lab3Test_11 -->
