<?xml version="1.0" encoding="UTF-8"?>
<!-- Generated by org.testng.reporters.JUnitReportReporter -->
<testsuite hostname="DESKTOP-39N4K30" failures="0" tests="1" name="Question.Q4" time="4.165" errors="0" timestamp="2025-08-26T15:00:53 IST" skipped="0">
  <testcase classname="Question.Q4" name="selectOption" time="4.165"/>
</testsuite> <!-- Question.Q4 -->
