<?xml version="1.0" encoding="UTF-8"?>
<!-- Generated by org.testng.reporters.JUnitReportReporter -->
<testsuite hostname="DESKTOP-39N4K30" failures="0" tests="3" name="pac1.TC0012TestNG2_pagefactory" time="47.705" errors="0" timestamp="2025-08-20T16:51:29 IST" skipped="0">
  <testcase classname="pac1.TC0012TestNG2_pagefactory" name="f" time="15.828"/>
  <testcase classname="pac1.TC0012TestNG2_pagefactory" name="f" time="17.519"/>
  <testcase classname="pac1.TC0012TestNG2_pagefactory" name="f" time="14.358"/>
</testsuite> <!-- pac1.TC0012TestNG2_pagefactory -->
