<?xml version="1.0" encoding="UTF-8"?>
<!-- Generated by org.testng.reporters.JUnitReportReporter -->
<testsuite hostname="DESKTOP-39N4K30" failures="0" tests="1" name="Question.Q6" time="9.464" errors="0" timestamp="2025-08-26T15:02:35 IST" skipped="0">
  <testcase classname="Question.Q6" name="selectCheckboxes" time="9.464"/>
</testsuite> <!-- Question.Q6 -->
