<?xml version="1.0" encoding="UTF-8"?>
<!-- Generated by org.testng.reporters.JUnitReportReporter -->
<testsuite hostname="DESKTOP-39N4K30" failures="0" tests="1" name="Question.Q1" time="1.344" errors="0" timestamp="2025-08-29T09:33:36 IST" skipped="0">
  <testcase classname="Question.Q1" name="openGoogle" time="1.344"/>
</testsuite> <!-- Question.Q1 -->
