<?xml version="1.0" encoding="UTF-8"?>
<!-- Generated by org.testng.reporters.JUnitReportReporter -->
<testsuite hostname="DESKTOP-39N4K30" failures="0" tests="2" name="pac1.Lab006" time="5.326" errors="0" timestamp="2025-08-19T21:54:00 IST" skipped="0">
  <testcase classname="pac1.Lab006" name="loginTest" time="2.596"/>
  <testcase classname="pac1.Lab006" name="addMonitorToWishlist" time="2.730"/>
</testsuite> <!-- pac1.Lab006 -->
